Determining if the pthread_create exist failed with the following output:
Change Dir: /home/duyisking/Documents/cpp/CMakeFiles/CMakeTmp

Run Build Command:"/usr/bin/make" "cmTC_b59b6/fast"
/usr/bin/make -f CMakeFiles/cmTC_b59b6.dir/build.make CMakeFiles/cmTC_b59b6.dir/build
make[1]: Entering directory '/home/duyisking/Documents/cpp/CMakeFiles/CMakeTmp'
Building C object CMakeFiles/cmTC_b59b6.dir/CheckSymbolExists.c.o
/usr/bin/cc     -o CMakeFiles/cmTC_b59b6.dir/CheckSymbolExists.c.o   -c /home/duyisking/Documents/cpp/CMakeFiles/CMakeTmp/CheckSymbolExists.c
Linking C executable cmTC_b59b6
/usr/bin/cmake -E cmake_link_script CMakeFiles/cmTC_b59b6.dir/link.txt --verbose=1
/usr/bin/cc       CMakeFiles/cmTC_b59b6.dir/CheckSymbolExists.c.o  -o cmTC_b59b6 -rdynamic 
CMakeFiles/cmTC_b59b6.dir/CheckSymbolExists.c.o: In function `main':
CheckSymbolExists.c:(.text+0x16): undefined reference to `pthread_create'
collect2: error: ld returned 1 exit status
CMakeFiles/cmTC_b59b6.dir/build.make:97: recipe for target 'cmTC_b59b6' failed
make[1]: *** [cmTC_b59b6] Error 1
make[1]: Leaving directory '/home/duyisking/Documents/cpp/CMakeFiles/CMakeTmp'
Makefile:126: recipe for target 'cmTC_b59b6/fast' failed
make: *** [cmTC_b59b6/fast] Error 2

File /home/duyisking/Documents/cpp/CMakeFiles/CMakeTmp/CheckSymbolExists.c:
/* */
#include <pthread.h>

int main(int argc, char** argv)
{
  (void)argv;
#ifndef pthread_create
  return ((int*)(&pthread_create))[argc];
#else
  (void)argc;
  return 0;
#endif
}

Determining if the function pthread_create exists in the pthreads failed with the following output:
Change Dir: /home/duyisking/Documents/cpp/CMakeFiles/CMakeTmp

Run Build Command:"/usr/bin/make" "cmTC_be7e1/fast"
/usr/bin/make -f CMakeFiles/cmTC_be7e1.dir/build.make CMakeFiles/cmTC_be7e1.dir/build
make[1]: Entering directory '/home/duyisking/Documents/cpp/CMakeFiles/CMakeTmp'
Building C object CMakeFiles/cmTC_be7e1.dir/CheckFunctionExists.c.o
/usr/bin/cc    -DCHECK_FUNCTION_EXISTS=pthread_create   -o CMakeFiles/cmTC_be7e1.dir/CheckFunctionExists.c.o   -c /usr/share/cmake-3.5/Modules/CheckFunctionExists.c
Linking C executable cmTC_be7e1
/usr/bin/cmake -E cmake_link_script CMakeFiles/cmTC_be7e1.dir/link.txt --verbose=1
/usr/bin/cc   -DCHECK_FUNCTION_EXISTS=pthread_create    CMakeFiles/cmTC_be7e1.dir/CheckFunctionExists.c.o  -o cmTC_be7e1 -rdynamic -lpthreads 
/usr/bin/ld: cannot find -lpthreads
collect2: error: ld returned 1 exit status
CMakeFiles/cmTC_be7e1.dir/build.make:97: recipe for target 'cmTC_be7e1' failed
make[1]: *** [cmTC_be7e1] Error 1
make[1]: Leaving directory '/home/duyisking/Documents/cpp/CMakeFiles/CMakeTmp'
Makefile:126: recipe for target 'cmTC_be7e1/fast' failed
make: *** [cmTC_be7e1/fast] Error 2


